<?xml version="1.0" encoding="UTF-8"?>
<!-- Generated by org.testng.reporters.JUnitXMLReporter -->
<testsuite ignored="2" hostname="DESKTOP-OBQ3MPO" failures="0" tests="1" name="Test" time="13.295" errors="0" timestamp="2025-12-09T22:45:38 IST">
  <testcase classname="HomePageTestValidation.HomePageTestClass" name="TC03_ContactPageValidation" time="2.27"/>
  <testcase classname="HomePageTestValidation.HomePageTestClass" name="TC01_LogoValidation" time="0.0">
    <ignored/>
  </testcase> <!-- TC01_LogoValidation -->
  <testcase classname="HomePageTestValidation.HomePageTestClass" name="TC02_signUpValidation" time="0.0">
    <ignored/>
  </testcase> <!-- TC02_signUpValidation -->
</testsuite> <!-- Test -->
