<?xml version="1.0" encoding="UTF-8"?>
<!-- Generated by org.testng.reporters.JUnitXMLReporter -->
<testsuite ignored="2" hostname="DESKTOP-OBQ3MPO" failures="0" tests="1" name="Test" time="5.84" errors="0" timestamp="2025-12-09T22:36:11 IST">
  <testcase classname="HomePageTestValidation.HomePageTestClass" name="TC01_LogoValidation" time="0.13"/>
  <testcase classname="HomePageTestValidation.HomePageTestClass" name="TC03_ContactPageValidation" time="0.0">
    <ignored/>
  </testcase> <!-- TC03_ContactPageValidation -->
  <testcase classname="HomePageTestValidation.HomePageTestClass" name="TC02_signUpValidation" time="0.0">
    <ignored/>
  </testcase> <!-- TC02_signUpValidation -->
</testsuite> <!-- Test -->
