<?xml version="1.0" encoding="UTF-8"?>
<testng-results ignored="0" total="1" passed="1" failed="0" skipped="0">
  <reporter-output>
  </reporter-output>
  <suite started-at="2025-12-10T17:09:19 IST" name="Suite" finished-at="2025-12-10T17:09:36 IST" duration-ms="17046">
    <groups>
    </groups>
    <test started-at="2025-12-10T17:09:19 IST" name="addtocart" finished-at="2025-12-10T17:09:36 IST" duration-ms="17046">
      <class name="HomePageTestValidation.ProductAddToCart">
        <test-method is-config="true" signature="init(java.lang.String)[pri:0, instance:HomePageTestValidation.ProductAddToCart@776aec5c]" started-at="2025-12-10T17:09:19 IST" name="init" finished-at="2025-12-10T17:09:24 IST" duration-ms="5499" status="PASS">
          <params>
            <param index="0">
              <value>
                <![CDATA[https://demoblaze.com/]]>
              </value>
            </param>
          </params>
          <reporter-output>
          </reporter-output>
        </test-method> <!-- init -->
        <test-method is-config="true" signature="ObjectCreation()[pri:0, instance:HomePageTestValidation.ProductAddToCart@776aec5c]" started-at="2025-12-10T17:09:27 IST" name="ObjectCreation" finished-at="2025-12-10T17:09:27 IST" duration-ms="275" status="PASS">
          <reporter-output>
          </reporter-output>
        </test-method> <!-- ObjectCreation -->
        <test-method signature="TC04_ProductAdd(java.lang.String,java.lang.String,java.lang.String,java.lang.String,java.lang.String,java.lang.String)[pri:0, instance:HomePageTestValidation.ProductAddToCart@776aec5c]" started-at="2025-12-10T17:09:27 IST" name="TC04_ProductAdd" data-provider="purchaseDetails" finished-at="2025-12-10T17:09:36 IST" duration-ms="8930" status="PASS">
          <params>
            <param index="0">
              <value>
                <![CDATA[Nazish]]>
              </value>
            </param>
            <param index="1">
              <value>
                <![CDATA[India]]>
              </value>
            </param>
            <param index="2">
              <value>
                <![CDATA[Banglore]]>
              </value>
            </param>
            <param index="3">
              <value>
                <![CDATA[446545877]]>
              </value>
            </param>
            <param index="4">
              <value>
                <![CDATA[8]]>
              </value>
            </param>
            <param index="5">
              <value>
                <![CDATA[2029]]>
              </value>
            </param>
          </params>
          <reporter-output>
          </reporter-output>
        </test-method> <!-- TC04_ProductAdd -->
      </class> <!-- HomePageTestValidation.ProductAddToCart -->
    </test> <!-- addtocart -->
  </suite> <!-- Suite -->
</testng-results>
