<?xml version="1.0" encoding="UTF-8"?>
<testng-results ignored="0" total="1" passed="1" failed="0" skipped="0">
  <reporter-output>
  </reporter-output>
  <suite started-at="2025-12-09T22:36:05 IST" name="Suite" finished-at="2025-12-09T22:36:11 IST" duration-ms="5840">
    <groups>
      <group name="Master">
        <method signature="HomePageTestClass.TC01_LogoValidation()[pri:0, instance:HomePageTestValidation.HomePageTestClass@7dcf94f8]" name="TC01_LogoValidation" class="HomePageTestValidation.HomePageTestClass"/>
      </group> <!-- Master -->
      <group name="logo">
        <method signature="HomePageTestClass.TC01_LogoValidation()[pri:0, instance:HomePageTestValidation.HomePageTestClass@7dcf94f8]" name="TC01_LogoValidation" class="HomePageTestValidation.HomePageTestClass"/>
      </group> <!-- logo -->
    </groups>
    <test started-at="2025-12-09T22:36:05 IST" name="Test" finished-at="2025-12-09T22:36:11 IST" duration-ms="5840">
      <class name="HomePageTestValidation.HomePageTestClass">
        <test-method is-config="true" signature="init(java.lang.String)[pri:0, instance:HomePageTestValidation.HomePageTestClass@7dcf94f8]" started-at="2025-12-09T22:36:05 IST" name="init" finished-at="2025-12-09T22:36:10 IST" duration-ms="5112" status="PASS">
          <params>
            <param index="0">
              <value>
                <![CDATA[https://demoblaze.com/]]>
              </value>
            </param>
          </params>
          <reporter-output>
          </reporter-output>
        </test-method> <!-- init -->
        <test-method is-config="true" signature="ObjectCreation()[pri:0, instance:HomePageTestValidation.HomePageTestClass@7dcf94f8]" started-at="2025-12-09T22:36:10 IST" name="ObjectCreation" finished-at="2025-12-09T22:36:10 IST" duration-ms="74" status="PASS">
          <reporter-output>
          </reporter-output>
        </test-method> <!-- ObjectCreation -->
        <test-method signature="TC01_LogoValidation()[pri:0, instance:HomePageTestValidation.HomePageTestClass@7dcf94f8]" started-at="2025-12-09T22:36:10 IST" name="TC01_LogoValidation" finished-at="2025-12-09T22:36:10 IST" duration-ms="130" status="PASS">
          <reporter-output>
          </reporter-output>
        </test-method> <!-- TC01_LogoValidation -->
        <test-method is-config="true" signature="tearDown()[pri:0, instance:HomePageTestValidation.HomePageTestClass@7dcf94f8]" started-at="2025-12-09T22:36:10 IST" name="tearDown" finished-at="2025-12-09T22:36:11 IST" duration-ms="422" status="PASS">
          <reporter-output>
          </reporter-output>
        </test-method> <!-- tearDown -->
      </class> <!-- HomePageTestValidation.HomePageTestClass -->
    </test> <!-- Test -->
  </suite> <!-- Suite -->
</testng-results>
